<?xml version="1.0" encoding="UTF-8" ?>
<testsuite errors="0" failures="0" hostname="a" name="page.Md5" tests="1" time="0.235" timestamp="2008-08-05T07:38:32">
  <properties>
    <property name="javax.xml.parsers.SAXParserFactory" value="org.netbeans.core.startup.SAXFactoryImpl" />
    <property name="libs.Struts2.classpath.libfile.9" value="E:\Tools\Java_tools\struts-2.0.11.1\lib\commons-fileupload-1.2.1\lib\commons-fileupload-1.2.1.jar" />
    <property name="libs.Struts2.classpath.libfile.8" value="E:\Tools\Java_tools\struts-2.0.11.1\lib\velocity-tools-1.1.jar" />
    <property name="libs.Struts2.classpath.libfile.7" value="E:\Tools\Java_tools\struts-2.0.11.1\lib\velocity-dep-1.4.jar" />
    <property name="libs.Hibernate.classpath" value="E:\Tools\Java_tools\hibernate-3.2\hibernate3.jar;E:\Tools\Java_tools\hibernate-3.2\lib\dom4j-1.6.1.jar;E:\Tools\Java_tools\hibernate-3.2\lib\commons-logging-1.0.4.jar;E:\Tools\Java_tools\hibernate-3.2\lib\commons-collections-2.1.1.jar;E:\Tools\Java_tools\hibernate-3.2\lib\cglib-2.1.3.jar;E:\Tools\Java_tools\hibernate-3.2\lib\asm.jar;E:\Tools\Java_tools\hibernate-3.2\lib\antlr-2.7.6.jar;E:\Tools\Java_tools\hibernate-3.2\lib\c3p0-0.9.1.jar" />
    <property name="libs.Struts2.classpath.libfile.6" value="E:\Tools\Java_tools\struts-2.0.11.1\lib\velocity-1.4.jar" />
    <property name="libs.Struts2.classpath.libfile.5" value="E:\Tools\Java_tools\struts-2.0.11.1\lib\xwork-2.0.4.jar" />
    <property name="libs.Struts2.classpath.libfile.4" value="E:\Tools\Java_tools\struts-2.0.11.1\lib\struts2-core-2.0.11.1.jar" />
    <property name="libs.Struts2.classpath.libfile.3" value="E:\Tools\Java_tools\struts-2.0.11.1\lib\ognl-2.6.11.jar" />
    <property name="libs.Struts2.classpath.libfile.2" value="E:\Tools\Java_tools\struts-2.0.11.1\lib\freemarker-2.3.8.jar" />
    <property name="libs.Struts2.classpath.libfile.1" value="E:\Tools\Java_tools\struts-2.0.11.1\lib\commons-logging-1.0.4.jar" />
    <property name="javac.test.classpath" value="E:\Tools\Java_tools\struts-2.0.11.1\lib\commons-logging-1.0.4.jar;E:\Tools\Java_tools\struts-2.0.11.1\lib\freemarker-2.3.8.jar;E:\Tools\Java_tools\struts-2.0.11.1\lib\ognl-2.6.11.jar;E:\Tools\Java_tools\struts-2.0.11.1\lib\struts2-core-2.0.11.1.jar;E:\Tools\Java_tools\struts-2.0.11.1\lib\xwork-2.0.4.jar;E:\Tools\Java_tools\struts-2.0.11.1\lib\velocity-1.4.jar;E:\Tools\Java_tools\struts-2.0.11.1\lib\velocity-dep-1.4.jar;E:\Tools\Java_tools\struts-2.0.11.1\lib\velocity-tools-1.1.jar;E:\Tools\Java_tools\struts-2.0.11.1\lib\commons-fileupload-1.2.1\lib\commons-fileupload-1.2.1.jar;E:\Tools\Java_tools\struts-2.0.11.1\lib\commons-io-1.4\commons-io-1.4.jar;E:\Tools\Java_tools\struts-2.0.11.1\lib\struts2-dojo-plugin-2.1.2-javadoc.jar;E:\Tools\Java_tools\struts-2.0.11.1\lib\struts2-dojo-plugin-2.1.2.jar:D:\NetBeans 6.1\ide9\modules\ext\mysql-connector-java-5.1.5-bin.jar:E:\Tools\Java_tools\hibernate-3.2\hibernate3.jar;E:\Tools\Java_tools\hibernate-3.2\lib\dom4j-1.6.1.jar;E:\Tools\Java_tools\hibernate-3.2\lib\commons-logging-1.0.4.jar;E:\Tools\Java_tools\hibernate-3.2\lib\commons-collections-2.1.1.jar;E:\Tools\Java_tools\hibernate-3.2\lib\cglib-2.1.3.jar;E:\Tools\Java_tools\hibernate-3.2\lib\asm.jar;E:\Tools\Java_tools\hibernate-3.2\lib\antlr-2.7.6.jar;E:\Tools\Java_tools\hibernate-3.2\lib\c3p0-0.9.1.jar:E:\Tools\Java_tools\spring-framework-2.0.1\lib\log4j\log4j-1.2.14.jar:E:\Tools\Java_tools\spring-framework-2.0.1\dist\spring.jar;E:\Tools\Java_tools\spring-framework-2.0.1\lib\commonj\commonj-twm.jar:build/web/WEB-INF/classes:D:\NetBeans 6.1\java2\modules\ext\junit-4.1.jar" />
    <property name="libs.DataBindingME.src" value="" />
    <property name="libs.j2me_ant_ext.javadoc" value="" />
    <property name="source.root" value="src" />
    <property name="do.display.browser" value="true" />
    <property name="org.openide.TopManager.GUI" value="true" />
    <property name="libs.theme-default.classpath" value="D:\NetBeans 6.1\visualweb2\modules\ext\defaulttheme.jar" />
    <property name="libs.proguard.javadoc" value="" />
    <property name="libs.junit.javadoc" value="D:\NetBeans 6.1\java2\docs\junit-3.8.2-api.zip" />
    <property name="javac.includes" value="page/Md5.java" />
    <property name="libs.nsicom-ant-utils.src" value="" />
    <property name="libs.nokiaS80-ant-utils.javadoc" value="" />
    <property name="ant.core.lib" value="D:\NetBeans 6.1\java2\ant\lib\ant.jar" />
    <property name="libs.Struts2.src" value="" />
    <property name="libs.swing-app-framework.src" value="" />
    <property name="libs.jakarta_slide_ant_webdav.javadoc" value="" />
    <property name="javadoc.windowtitle" value="" />
    <property name="libs.toplink.classpath" value="D:\NetBeans 6.1\java2\modules\ext\toplink\toplink-essentials.jar;D:\NetBeans 6.1\java2\modules\ext\toplink\toplink-essentials-agent.jar" />
    <property name="user.dir" value="D:\NetBeans 6.1\TEMP\Test_HeroGrave" />
    <property name="libs.theme-default-green.classpath" value="D:\NetBeans 6.1\visualweb2\modules\ext\defaulttheme-green.jar" />
    <property name="libs.JMUnit4CLDC10.javadoc" value="D:\NetBeans 6.1\mobility8\modules\docs\jmunit-1.0.1-api.zip" />
    <property name="java.vm.version" value="1.6.0_03-b05" />
    <property name="libs.DataBindingME.classpath" value="D:\NetBeans 6.1\mobility8\modules\ext\netbeans_databindingme.jar" />
    <property name="libs.jstl11.maven-pom" value="" />
    <property name="libs.nsicom-ant-utils.classpath" value="" />
    <property name="libs.MySQLDriver.classpath" value="D:\NetBeans 6.1\ide9\modules\ext\mysql-connector-java-5.1.5-bin.jar" />
    <property name="no.dependencies" value="false" />
    <property name="libs.jstl11.src" value="" />
    <property name="javadoc.notree" value="false" />
    <property name="lib.dir" value="web/WEB-INF/lib" />
    <property name="libs.DataBindingME-PIM.maven-pom" value="" />
    <property name="libs.exceptionhandler-runtime.maven-pom" value="" />
    <property name="libs.NetBeans MIDP Components.maven-pom" value="" />
    <property name="jdk.home" value="C:\Program Files\Java\jdk1.6.0_03" />
    <property name="directory.deployment.supported" value="true" />
    <property name="libs.javac-api.src" value="" />
    <property name="javadoc.noindex" value="false" />
    <property name="libs.theme-default-green.runtime" value="D:\NetBeans 6.1\visualweb2\modules\ext\defaulttheme-green.jar" />
    <property name="sun.os.patch.level" value="Service Pack 3" />
    <property name="libs.log4j.src" value="" />
    <property name="libs.theme-default-gray.runtime" value="D:\NetBeans 6.1\visualweb2\modules\ext\defaulttheme-gray.jar" />
    <property name="java.vm.specification.name" value="Java Virtual Machine Specification" />
    <property name="libs.semc-ant-utils.classpath" value="D:\NetBeans 6.1\mobility8\modules\ext\org-netbeans-modules-j2me-cdc-project-semc.jar" />
    <property name="libs.jdbcsupport-runtime.classpath" value="D:\NetBeans 6.1\visualweb2\modules\ext\sqlx.jar" />
    <property name="libs.nokiadeployment.classpath" value="D:\NetBeans 6.1\mobility8\modules\org-netbeans-modules-mobility-deployment-nokia.jar" />
    <property name="have.tests" value="true" />
    <property name="libs.nokiaS80-ant-utils.maven-pom" value="" />
    <property name="libs.spring.classpath.libfile.2" value="E:\Tools\Java_tools\spring-framework-2.0.1\lib\commonj\commonj-twm.jar" />
    <property name="libs.spring.classpath.libfile.1" value="E:\Tools\Java_tools\spring-framework-2.0.1\dist\spring.jar" />
    <property name="libs.jdbcsupport-designtime.classpath" value="D:\NetBeans 6.1\visualweb2\modules\ext\sqlx.jar" />
    <property name="org.xml.sax.driver" value="com.sun.org.apache.xerces.internal.jaxp.SAXParserImpl$JAXPSAXParser" />
    <property name="libs.nb_svg_midp_components.src" value="D:\NetBeans 6.1\mobility8\sources\nb_svg_midp_components-src.zip" />
    <property name="j2ee.server.instance" value="[C:\Program Files\glassfish-v2ur2]deployer:Sun:AppServer::localhost:4848" />
    <property name="libs.NetBeans MIDP Components WMA.src" value="D:\NetBeans 6.1\mobility8\sources\netbeans_midp_components_wma-src.zip" />
    <property name="libs.javac-api.javadoc" value="" />
    <property name="os.name" value="Windows XP" />
    <property name="libs.beans-binding.classpath" value="D:\NetBeans 6.1\java2\modules\ext\beansbinding-1.2.1.jar" />
    <property name="libs.DataBindingME-SVG.javadoc" value="D:\NetBeans 6.1\mobility8\modules\docs\netbeans_databindingme_svg-api.zip" />
    <property name="libs.restapi.javadoc" value="D:\NetBeans 6.1\enterprise5\docs\jsr311-api-doc.zip" />
    <property name="rave.build" value="thresher-fcs" />
    <property name="libs.restapi.classpath" value="D:\NetBeans 6.1\enterprise5\modules\ext\rest\jsr311-api.jar" />
    <property name="runmain.jvmargs" value="" />
    <property name="java.vendor.url.bug" value="http://java.sun.com/cgi-bin/bugreport.cgi" />
    <property name="libs.nsicom-ant-utils.javadoc" value="" />
    <property name="os.arch" value="x86" />
    <property name="user.name" value="Administrator" />
    <property name="libs.jsf12.javadoc" value="D:\NetBeans 6.1\enterprise5\docs\javaee5-doc-api.zip" />
    <property name="libs.jaxb21.maven-pom" value="" />
    <property name="libs.swing-layout.maven-pom" value="" />
    <property name="build.classes.dir" value="build/web/WEB-INF/classes" />
    <property name="netbeans.accept_license_class" value="org.netbeans.license.AcceptLicense" />
    <property name="libs.Hibernate.classpath.libfile.8" value="E:\Tools\Java_tools\hibernate-3.2\lib\c3p0-0.9.1.jar" />
    <property name="libs.jaxws21.javadoc" value="D:\NetBeans 6.1\java2\docs\jaxws-2_1-api-doc.zip" />
    <property name="libs.Hibernate.classpath.libfile.7" value="E:\Tools\Java_tools\hibernate-3.2\lib\antlr-2.7.6.jar" />
    <property name="libs.Hibernate.classpath.libfile.6" value="E:\Tools\Java_tools\hibernate-3.2\lib\asm.jar" />
    <property name="libs.Hibernate.classpath.libfile.5" value="E:\Tools\Java_tools\hibernate-3.2\lib\cglib-2.1.3.jar" />
    <property name="libs.Hibernate.classpath.libfile.4" value="E:\Tools\Java_tools\hibernate-3.2\lib\commons-collections-2.1.1.jar" />
    <property name="build.web.excludes" value="**/*.java,**/*.form" />
    <property name="libs.Hibernate.classpath.libfile.3" value="E:\Tools\Java_tools\hibernate-3.2\lib\commons-logging-1.0.4.jar" />
    <property name="libs.Hibernate.classpath.libfile.2" value="E:\Tools\Java_tools\hibernate-3.2\lib\dom4j-1.6.1.jar" />
    <property name="libs.Hibernate.classpath.libfile.1" value="E:\Tools\Java_tools\hibernate-3.2\hibernate3.jar" />
    <property name="j2ee.platform.wsimport.classpath" value="C:\Program Files\glassfish-v2ur2\lib\webservices-tools.jar:C:\Program Files\glassfish-v2ur2\lib\webservices-rt.jar:C:\Program Files\glassfish-v2ur2\lib\tools.jar:C:\Program Files\glassfish-v2ur2\lib\appserv-jstl.jar:C:\Program Files\glassfish-v2ur2\lib\javaee.jar:C:\Program Files\glassfish-v2ur2\lib\appserv-ws.jar:C:\Program Files\glassfish-v2ur2\lib\mail.jar:C:\Program Files\glassfish-v2ur2\lib\activation.jar" />
    <property name="javax.xml.parsers.DocumentBuilderFactory" value="org.netbeans.core.startup.DOMFactoryImpl" />
    <property name="user.country" value="JP" />
    <property name="libs.spring.classpath" value="E:\Tools\Java_tools\spring-framework-2.0.1\dist\spring.jar;E:\Tools\Java_tools\spring-framework-2.0.1\lib\commonj\commonj-twm.jar" />
    <property name="libs.jstl11.javadoc" value="D:\NetBeans 6.1\enterprise5\docs\javaee5-doc-api.zip" />
    <property name="libs.JMUnit4CLDC11.src" value="" />
    <property name="javadoc.encoding" value="UTF-8" />
    <property name="javac.classpath" value="E:\Tools\Java_tools\struts-2.0.11.1\lib\commons-logging-1.0.4.jar;E:\Tools\Java_tools\struts-2.0.11.1\lib\freemarker-2.3.8.jar;E:\Tools\Java_tools\struts-2.0.11.1\lib\ognl-2.6.11.jar;E:\Tools\Java_tools\struts-2.0.11.1\lib\struts2-core-2.0.11.1.jar;E:\Tools\Java_tools\struts-2.0.11.1\lib\xwork-2.0.4.jar;E:\Tools\Java_tools\struts-2.0.11.1\lib\velocity-1.4.jar;E:\Tools\Java_tools\struts-2.0.11.1\lib\velocity-dep-1.4.jar;E:\Tools\Java_tools\struts-2.0.11.1\lib\velocity-tools-1.1.jar;E:\Tools\Java_tools\struts-2.0.11.1\lib\commons-fileupload-1.2.1\lib\commons-fileupload-1.2.1.jar;E:\Tools\Java_tools\struts-2.0.11.1\lib\commons-io-1.4\commons-io-1.4.jar;E:\Tools\Java_tools\struts-2.0.11.1\lib\struts2-dojo-plugin-2.1.2-javadoc.jar;E:\Tools\Java_tools\struts-2.0.11.1\lib\struts2-dojo-plugin-2.1.2.jar:D:\NetBeans 6.1\ide9\modules\ext\mysql-connector-java-5.1.5-bin.jar:E:\Tools\Java_tools\hibernate-3.2\hibernate3.jar;E:\Tools\Java_tools\hibernate-3.2\lib\dom4j-1.6.1.jar;E:\Tools\Java_tools\hibernate-3.2\lib\commons-logging-1.0.4.jar;E:\Tools\Java_tools\hibernate-3.2\lib\commons-collections-2.1.1.jar;E:\Tools\Java_tools\hibernate-3.2\lib\cglib-2.1.3.jar;E:\Tools\Java_tools\hibernate-3.2\lib\asm.jar;E:\Tools\Java_tools\hibernate-3.2\lib\antlr-2.7.6.jar;E:\Tools\Java_tools\hibernate-3.2\lib\c3p0-0.9.1.jar:E:\Tools\Java_tools\spring-framework-2.0.1\lib\log4j\log4j-1.2.14.jar:E:\Tools\Java_tools\spring-framework-2.0.1\dist\spring.jar;E:\Tools\Java_tools\spring-framework-2.0.1\lib\commonj\commonj-twm.jar" />
    <property name="libs.jsfsupport-designtime.javadoc" value="D:\NetBeans 6.1\visualweb2\docs\appbase-doc.zip;D:\NetBeans 6.1\visualweb2\docs\dataprovider-doc.zip;D:\NetBeans 6.1\visualweb2\docs\jsfcl-doc.zip" />
    <property name="libs.JAVADB_DRIVER_LABEL.src" value="" />
    <property name="do.debug.server" value="true" />
    <property name="netbeans.system_http_non_proxy_hosts" value="" />
    <property name="netbeans.home" value="D:\NetBeans 6.1\platform8" />
    <property name="build.compiler.emacs" value="true" />
    <property name="libs.nokiaS80-ant-utils.src" value="" />
    <property name="libs.jdbcsupport-runtime.javadoc" value="" />
    <property name="libs.cdc-pp-awt-layout.javadoc" value="" />
    <property name="libs.j2me_ant_ext.classpath" value="D:\NetBeans 6.1\mobility8\modules\org-netbeans-modules-mobility-antext.jar;D:\NetBeans 6.1\ide9\modules\org-netbeans-modules-classfile.jar" />
    <property name="java.endorsed.dirs" value="C:\Program Files\Java\jdk1.6.0_03\jre\lib\endorsed" />
    <property name="test.includes" value="page/Md5.java" />
    <property name="netbeans.dynamic.classpath" value="D:\NetBeans 6.1\platform8\core\core.jar;D:\NetBeans 6.1\platform8\core\org-openide-filesystems.jar;D:\NetBeans 6.1\platform8\core\locale\core_ja.jar;D:\NetBeans 6.1\platform8\core\locale\core_pt_BR.jar;D:\NetBeans 6.1\platform8\core\locale\core_zh_CN.jar;D:\NetBeans 6.1\platform8\core\locale\org-openide-filesystems_ja.jar;D:\NetBeans 6.1\platform8\core\locale\org-openide-filesystems_pt_BR.jar;D:\NetBeans 6.1\platform8\core\locale\org-openide-filesystems_zh_CN.jar;D:\NetBeans 6.1\nb6.1\core\org-netbeans-upgrader.jar;D:\NetBeans 6.1\nb6.1\core\locale\core_nb.jar;D:\NetBeans 6.1\nb6.1\core\locale\core_nb_ja.jar;D:\NetBeans 6.1\nb6.1\core\locale\core_nb_pt_BR.jar;D:\NetBeans 6.1\nb6.1\core\locale\core_nb_zh_CN.jar;D:\NetBeans 6.1\nb6.1\core\locale\org-netbeans-upgrader_ja.jar;D:\NetBeans 6.1\nb6.1\core\locale\org-netbeans-upgrader_pt_BR.jar;D:\NetBeans 6.1\nb6.1\core\locale\org-netbeans-upgrader_zh_CN.jar" />
    <property name="libs.cdc-agui-swing-layout.maven-pom" value="" />
    <property name="libs.cdc-pp-awt-layout.src" value="D:\NetBeans 6.1\mobility8\sources\cdc-pp-awt-layout-src.zip" />
    <property name="java.vm.specification.version" value="1.0" />
    <property name="libs.jakarta_slide_ant_webdav.src" value="" />
    <property name="jspcompilation.classpath" value="D:\NetBeans 6.1\java2\ant\lib\ant.jar:D:\NetBeans 6.1\enterprise5\modules\ext\servlet2.5-jsp2.1-api.jar:C:\Program Files\glassfish-v2ur2\lib\javaee.jar:C:\Program Files\glassfish-v2ur2\lib\jsf-impl.jar:C:\Program Files\glassfish-v2ur2\lib\activation.jar:C:\Program Files\glassfish-v2ur2\lib\appserv-tags.jar:C:\Program Files\glassfish-v2ur2\lib\mail.jar:C:\Program Files\glassfish-v2ur2\lib\appserv-jstl.jar:C:\Program Files\glassfish-v2ur2\lib\webservices-tools.jar:C:\Program Files\glassfish-v2ur2\lib\webservices-rt.jar:C:\Program Files\glassfish-v2ur2\lib\appserv-ws.jar:D:\NetBeans 6.1\enterprise5\modules\ext\glassfish-jspparser-2.0.jar:D:\NetBeans 6.1\enterprise5\modules\ext\glassfish-logging-2.0.jar:D:\NetBeans 6.1\ide9\modules\ext\commons-logging-1.0.4.jar:D:\NetBeans 6.1\java2\ant\lib\ant-launcher.jar:E:\Tools\Java_tools\struts-2.0.11.1\lib\commons-logging-1.0.4.jar;E:\Tools\Java_tools\struts-2.0.11.1\lib\freemarker-2.3.8.jar;E:\Tools\Java_tools\struts-2.0.11.1\lib\ognl-2.6.11.jar;E:\Tools\Java_tools\struts-2.0.11.1\lib\struts2-core-2.0.11.1.jar;E:\Tools\Java_tools\struts-2.0.11.1\lib\xwork-2.0.4.jar;E:\Tools\Java_tools\struts-2.0.11.1\lib\velocity-1.4.jar;E:\Tools\Java_tools\struts-2.0.11.1\lib\velocity-dep-1.4.jar;E:\Tools\Java_tools\struts-2.0.11.1\lib\velocity-tools-1.1.jar;E:\Tools\Java_tools\struts-2.0.11.1\lib\commons-fileupload-1.2.1\lib\commons-fileupload-1.2.1.jar;E:\Tools\Java_tools\struts-2.0.11.1\lib\commons-io-1.4\commons-io-1.4.jar;E:\Tools\Java_tools\struts-2.0.11.1\lib\struts2-dojo-plugin-2.1.2-javadoc.jar;E:\Tools\Java_tools\struts-2.0.11.1\lib\struts2-dojo-plugin-2.1.2.jar:D:\NetBeans 6.1\ide9\modules\ext\mysql-connector-java-5.1.5-bin.jar:E:\Tools\Java_tools\hibernate-3.2\hibernate3.jar;E:\Tools\Java_tools\hibernate-3.2\lib\dom4j-1.6.1.jar;E:\Tools\Java_tools\hibernate-3.2\lib\commons-logging-1.0.4.jar;E:\Tools\Java_tools\hibernate-3.2\lib\commons-collections-2.1.1.jar;E:\Tools\Java_tools\hibernate-3.2\lib\cglib-2.1.3.jar;E:\Tools\Java_tools\hibernate-3.2\lib\asm.jar;E:\Tools\Java_tools\hibernate-3.2\lib\antlr-2.7.6.jar;E:\Tools\Java_tools\hibernate-3.2\lib\c3p0-0.9.1.jar:E:\Tools\Java_tools\spring-framework-2.0.1\lib\log4j\log4j-1.2.14.jar:E:\Tools\Java_tools\spring-framework-2.0.1\dist\spring.jar;E:\Tools\Java_tools\spring-framework-2.0.1\lib\commonj\commonj-twm.jar" />
    <property name="libs.JMUnit4CLDC10.maven-pom" value="" />
    <property name="libs.jaxws21.src" value="" />
    <property name="do.war.package.with.custom.manifest" value="true" />
    <property name="platforms.Sun_Java_TM__Wireless_Toolkit_2_5_2_for_CLDC.preverifycommandline" value="" />
    <property name="libs.swing-app-framework.classpath" value="D:\NetBeans 6.1\java2\modules\ext\appframework-1.0.3.jar;D:\NetBeans 6.1\java2\modules\ext\swing-worker-1.1.jar" />
    <property name="libs.jakarta_slide_ant_webdav.classpath" value="D:\NetBeans 6.1\mobility8\modules\ext\commons-httpclient-3.0.1.jar;D:\NetBeans 6.1\ide9\modules\ext\commons-logging-1.0.4.jar;D:\NetBeans 6.1\mobility8\modules\ext\jdom-1.0.jar;D:\NetBeans 6.1\mobility8\modules\ext\jakarta-slide-webdavlib-2.1.jar;D:\NetBeans 6.1\mobility8\modules\ext\jakarta-slide-ant-webdav-2.1.jar" />
    <property name="org.netbeans.core.startup.specialResource" value="nullcom.sun.jdo.api.persistence.mapping.ejb" />
    <property name="java.vendor" value="Sun Microsystems Inc." />
    <property name="libs.JMUnit4CLDC10.src" value="" />
    <property name="javac.debug" value="true" />
    <property name="javadoc.splitindex" value="true" />
    <property name="file.separator" value="\" />
    <property name="libs.IdentityAntTasks.src" value="" />
    <property name="libs.log4j.maven-pom" value="" />
    <property name="libs.ActiveSync.classpath" value="D:\NetBeans 6.1\mobility8\modules\ext\nbactivesync-5.0.jar" />
    <property name="platforms.Sun_Java_TM__Wireless_Toolkit_2_5_2_for_CLDC.home" value="D:\NetBeans 6.1\mobility8\WTK2.5.2" />
    <property name="libs.junit_4.maven-pom" value="" />
    <property name="resource.dir" value="setup" />
    <property name="netbeans.buildnumber" value="200805300101" />
    <property name="user.variant" value="" />
    <property name="libs.Struts2.classpath.libfile.12" value="E:\Tools\Java_tools\struts-2.0.11.1\lib\struts2-dojo-plugin-2.1.2.jar" />
    <property name="libs.webui-runtime.classpath" value="D:\NetBeans 6.1\visualweb2\modules\ext\webui.jar;D:\NetBeans 6.1\enterprise5\modules\ext\commons-fileupload-1.0.jar" />
    <property name="libs.Struts2.classpath.libfile.11" value="E:\Tools\Java_tools\struts-2.0.11.1\lib\struts2-dojo-plugin-2.1.2-javadoc.jar" />
    <property name="libs.Struts2.classpath.libfile.10" value="E:\Tools\Java_tools\struts-2.0.11.1\lib\commons-io-1.4\commons-io-1.4.jar" />
    <property name="sun.java.launcher" value="SUN_STANDARD" />
    <property name="libs.junit.classpath" value="D:\NetBeans 6.1\java2\modules\ext\junit-3.8.2.jar" />
    <property name="ant.file.Test_HeroGrave-impl" value="D:\NetBeans 6.1\TEMP\Test_HeroGrave\nbproject\build-impl.xml" />
    <property name="libs.struts.classpath" value="D:\NetBeans 6.1\enterprise5\modules\ext\struts\antlr.jar;D:\NetBeans 6.1\enterprise5\modules\ext\struts\commons-beanutils.jar;D:\NetBeans 6.1\enterprise5\modules\ext\struts\commons-digester.jar;D:\NetBeans 6.1\enterprise5\modules\ext\struts\commons-logging.jar;D:\NetBeans 6.1\enterprise5\modules\ext\struts\commons-validator.jar;D:\NetBeans 6.1\enterprise5\modules\ext\struts\jakarta-oro.jar;D:\NetBeans 6.1\enterprise5\modules\ext\struts\struts.jar;D:\NetBeans 6.1\enterprise5\modules\ext\commons-fileupload-1.0.jar" />
    <property name="libs.woodstock-theme-default.classpath" value="D:\NetBeans 6.1\visualweb2\modules\ext\webui-jsf-suntheme.jar" />
    <property name="application.args.param" value="" />
    <property name="ant.home" value="D:\NetBeans 6.1\java2\ant" />
    <property name="libs.junit_4.src" value="" />
    <property name="libs.ricoh-ant-utils.maven-pom" value="" />
    <property name="conf.dir" value="src/conf" />
    <property name="webinf.dir" value="web/WEB-INF" />
    <property name="libs.absolutelayout.maven-pom" value="" />
    <property name="ant.java.version" value="1.6" />
    <property name="java.library.path" value="C:\Program Files\Java\jdk1.6.0_03\jre\bin;.;C:\WINDOWS\Sun\Java\bin;C:\WINDOWS\system32;C:\WINDOWS;C:\Program Files\ruby\bin;D:\oracle\product\10.2.0\client_2\bin;D:\oracle\product\10.2.0\client_1\bin;D:\oracle\product\10.2.0\client_3\bin;C:\WINDOWS\system32;C:\WINDOWS;C:\WINDOWS\System32\Wbem;C:\Program Files\Microsoft SQL Server\90\Tools\binn\;C:\Program Files\IDM Computer Solutions\UltraEdit-32;C:\Program Files\Java\jdk1.6.0_03\bin;;C:\Program Files\Java\jdk1.6.0_03\bin;C:\Program Files\grails\grails-1.0\bin;E:\Tools\masm5;C:\ant\apache-ant-1.7.0\bin;" />
    <property name="javadoc.author" value="false" />
    <property name="libs.IdentityAntTasks.classpath" value="D:\NetBeans 6.1\identity2\ant\nblib\org-netbeans-modules-identity-ant.jar;D:\NetBeans 6.1\identity2\modules\org-netbeans-modules-identity-profile-api.jar" />
    <property name="libs.Hibernate.src" value="" />
    <property name="java.util.logging.config.class" value="org.netbeans.core.startup.TopLogging" />
    <property name="libs.PostgreSQLDriver.src" value="" />
    <property name="sun.arch.data.model" value="32" />
    <property name="basedir" value="D:\NetBeans 6.1\TEMP\Test_HeroGrave" />
    <property name="libs.ActiveSync.src" value="" />
    <property name="jar.compress" value="false" />
    <property name="libs.NetBeans MIDP Components PDA.src" value="D:\NetBeans 6.1\mobility8\sources\netbeans_midp_components_pda-src.zip" />
    <property name="libs.jstl11.classpath" value="D:\NetBeans 6.1\enterprise5\modules\ext\standard.jar;D:\NetBeans 6.1\enterprise5\modules\ext\jstl.jar" />
    <property name="libs.spring.javadoc" value="" />
    <property name="path.separator" value=";" />
    <property name="dist.war" value="dist/Test_HeroGrave.war" />
    <property name="com.sun.aas.installRoot" value="C:\Program Files\glassfish-v2ur2" />
    <property name="sun.io.unicode.encoding" value="UnicodeLittle" />
    <property name="libs.semc-ant-utils.javadoc" value="" />
    <property name="libs.jaxws21.classpath" value="D:\NetBeans 6.1\java2\modules\ext\jaxws21\activation.jar;D:\NetBeans 6.1\java2\modules\ext\jaxws21\FastInfoset.jar;D:\NetBeans 6.1\java2\modules\ext\jaxws21\http.jar;D:\NetBeans 6.1\java2\modules\ext\jaxws21\api\jaxb-api.jar;D:\NetBeans 6.1\java2\modules\ext\jaxws21\jaxb-impl.jar;D:\NetBeans 6.1\java2\modules\ext\jaxws21\jaxb-xjc.jar;D:\NetBeans 6.1\java2\modules\ext\jaxws21\api\jaxws-api.jar;D:\NetBeans 6.1\java2\modules\ext\jaxws21\jaxws-rt.jar;D:\NetBeans 6.1\java2\modules\ext\jaxws21\jaxws-tools.jar;D:\NetBeans 6.1\java2\modules\ext\jaxws21\api\jsr173_api.jar;D:\NetBeans 6.1\java2\modules\ext\jaxws21\api\jsr181-api.jar;D:\NetBeans 6.1\java2\modules\ext\jaxws21\api\jsr250-api.jar;D:\NetBeans 6.1\java2\modules\ext\jaxws21\api\saaj-api.jar;D:\NetBeans 6.1\java2\modules\ext\jaxws21\saaj-impl.jar;D:\NetBeans 6.1\java2\modules\ext\jaxws21\sjsxp.jar;D:\NetBeans 6.1\java2\modules\ext\jaxws21\stax-ex.jar;D:\NetBeans 6.1\java2\modules\ext\jaxws21\streambuffer.jar" />
    <property name="libs.struts.src" value="" />
    <property name="user.language" value="ja" />
    <property name="j2ee.platform.classpath" value="C:\Program Files\glassfish-v2ur2\lib\javaee.jar:C:\Program Files\glassfish-v2ur2\lib\jsf-impl.jar:C:\Program Files\glassfish-v2ur2\lib\activation.jar:C:\Program Files\glassfish-v2ur2\lib\appserv-tags.jar:C:\Program Files\glassfish-v2ur2\lib\mail.jar:C:\Program Files\glassfish-v2ur2\lib\appserv-jstl.jar:C:\Program Files\glassfish-v2ur2\lib\webservices-tools.jar:C:\Program Files\glassfish-v2ur2\lib\webservices-rt.jar:C:\Program Files\glassfish-v2ur2\lib\appserv-ws.jar" />
    <property name="ant.file.Test_HeroGrave" value="D:\NetBeans 6.1\TEMP\Test_HeroGrave\build.xml" />
    <property name="libs.jaxb21.javadoc" value="" />
    <property name="libs.spring-framework.classpath" value="D:\NetBeans 6.1\java2\modules\ext\spring\commons-logging-1.1.jar;D:\NetBeans 6.1\java2\modules\ext\spring\spring-2.5.jar" />
    <property name="build.meta.inf.dir" value="build/web/META-INF" />
    <property name="run.test.classpath" value="E:\Tools\Java_tools\struts-2.0.11.1\lib\commons-logging-1.0.4.jar;E:\Tools\Java_tools\struts-2.0.11.1\lib\freemarker-2.3.8.jar;E:\Tools\Java_tools\struts-2.0.11.1\lib\ognl-2.6.11.jar;E:\Tools\Java_tools\struts-2.0.11.1\lib\struts2-core-2.0.11.1.jar;E:\Tools\Java_tools\struts-2.0.11.1\lib\xwork-2.0.4.jar;E:\Tools\Java_tools\struts-2.0.11.1\lib\velocity-1.4.jar;E:\Tools\Java_tools\struts-2.0.11.1\lib\velocity-dep-1.4.jar;E:\Tools\Java_tools\struts-2.0.11.1\lib\velocity-tools-1.1.jar;E:\Tools\Java_tools\struts-2.0.11.1\lib\commons-fileupload-1.2.1\lib\commons-fileupload-1.2.1.jar;E:\Tools\Java_tools\struts-2.0.11.1\lib\commons-io-1.4\commons-io-1.4.jar;E:\Tools\Java_tools\struts-2.0.11.1\lib\struts2-dojo-plugin-2.1.2-javadoc.jar;E:\Tools\Java_tools\struts-2.0.11.1\lib\struts2-dojo-plugin-2.1.2.jar:D:\NetBeans 6.1\ide9\modules\ext\mysql-connector-java-5.1.5-bin.jar:E:\Tools\Java_tools\hibernate-3.2\hibernate3.jar;E:\Tools\Java_tools\hibernate-3.2\lib\dom4j-1.6.1.jar;E:\Tools\Java_tools\hibernate-3.2\lib\commons-logging-1.0.4.jar;E:\Tools\Java_tools\hibernate-3.2\lib\commons-collections-2.1.1.jar;E:\Tools\Java_tools\hibernate-3.2\lib\cglib-2.1.3.jar;E:\Tools\Java_tools\hibernate-3.2\lib\asm.jar;E:\Tools\Java_tools\hibernate-3.2\lib\antlr-2.7.6.jar;E:\Tools\Java_tools\hibernate-3.2\lib\c3p0-0.9.1.jar:E:\Tools\Java_tools\spring-framework-2.0.1\lib\log4j\log4j-1.2.14.jar:E:\Tools\Java_tools\spring-framework-2.0.1\dist\spring.jar;E:\Tools\Java_tools\spring-framework-2.0.1\lib\commonj\commonj-twm.jar:build/web/WEB-INF/classes:D:\NetBeans 6.1\java2\modules\ext\junit-4.1.jar:build/test/classes" />
    <property name="libs.swing-layout.javadoc" value="D:\NetBeans 6.1\platform8\docs\swing-layout-1.0.3-doc.zip" />
    <property name="libs.swing-app-framework.javadoc" value="D:\NetBeans 6.1\java2\docs\appframework-1.0.3-doc.zip" />
    <property name="libs.proguard.classpath" value="D:\NetBeans 6.1\mobility8\external\proguard\proguard3.7.jar" />
    <property name="libs.DataBindingME-SVG.classpath" value="D:\NetBeans 6.1\mobility8\modules\ext\netbeans_databindingme_svg.jar" />
    <property name="https.nonProxyHosts" value="localhost|127.0.0.1|a" />
    <property name="libs.PostgreSQLDriver.maven-pom" value="" />
    <property name="java.class.version" value="50.0" />
    <property name="libs.JAVADB_DRIVER_LABEL.classpath" value="C:\Program Files\glassfish-v2\javadb\lib\derby.jar;C:\Program Files\glassfish-v2\javadb\lib\derbyclient.jar;C:\Program Files\glassfish-v2\javadb\lib\derbynet.jar" />
    <property name="libs.cdc-ant-utils.classpath" value="D:\NetBeans 6.1\mobility8\modules\ext\org-netbeans-modules-j2me-cdc-project.jar" />
    <property name="libs.spring.src" value="" />
    <property name="netbeans.system_http_proxy" value="DIRECT" />
    <property name="libs.NetBeans MIDP Components WMA.maven-pom" value="" />
    <property name="user.properties.file" value="C:\Documents and Settings\Administrator\.netbeans\6.1\build.properties" />
    <property name="platforms.Sun_Java_TM__Wireless_Toolkit_2_5_2_for_CLDC.runcommandline" value="" />
    <property name="build.web.dir" value="build/web" />
    <property name="libs.spring-framework.src" value="" />
    <property name="libs.javac-api.maven-pom" value="" />
    <property name="file.encoding.pkg" value="sun.io" />
    <property name="sun.cpu.endian" value="little" />
    <property name="libs.log4j.javadoc" value="" />
    <property name="libs.ant-contrib.classpath" value="D:\NetBeans 6.1\mobility8\modules\ext\ant-contrib-1.0b3.jar" />
    <property name="display.browser" value="true" />
    <property name="libs.jaxb21.src" value="" />
    <property name="libs.jsfsupport-designtime.classpath" value="D:\NetBeans 6.1\visualweb2\modules\ext\jsfcl.jar;D:\NetBeans 6.1\visualweb2\modules\ext\appbase.jar;D:\NetBeans 6.1\visualweb2\modules\ext\dataprovider.jar;D:\NetBeans 6.1\visualweb2\modules\ext\sqlx.jar" />
    <property name="version-output" value="java version &quot;1.6" />
    <property name="libs.Hibernate.maven-pom" value="" />
    <property name="javadoc.preview" value="true" />
    <property name="nbplatform.default.harness.dir" value="D:\NetBeans 6.1/harness" />
    <property name="java.home" value="C:\Program Files\Java\jdk1.6.0_03\jre" />
    <property name="libs.ricoh-ant-utils.src" value="" />
    <property name="libs.spring-webmvc.src" value="" />
    <property name="copyfiles.classpath" value="D:\NetBeans 6.1\enterprise5\ant\extra\copyfiles.jar" />
    <property name="libs.ant-contrib.javadoc" value="" />
    <property name="debug.test.classpath" value="E:\Tools\Java_tools\struts-2.0.11.1\lib\commons-logging-1.0.4.jar;E:\Tools\Java_tools\struts-2.0.11.1\lib\freemarker-2.3.8.jar;E:\Tools\Java_tools\struts-2.0.11.1\lib\ognl-2.6.11.jar;E:\Tools\Java_tools\struts-2.0.11.1\lib\struts2-core-2.0.11.1.jar;E:\Tools\Java_tools\struts-2.0.11.1\lib\xwork-2.0.4.jar;E:\Tools\Java_tools\struts-2.0.11.1\lib\velocity-1.4.jar;E:\Tools\Java_tools\struts-2.0.11.1\lib\velocity-dep-1.4.jar;E:\Tools\Java_tools\struts-2.0.11.1\lib\velocity-tools-1.1.jar;E:\Tools\Java_tools\struts-2.0.11.1\lib\commons-fileupload-1.2.1\lib\commons-fileupload-1.2.1.jar;E:\Tools\Java_tools\struts-2.0.11.1\lib\commons-io-1.4\commons-io-1.4.jar;E:\Tools\Java_tools\struts-2.0.11.1\lib\struts2-dojo-plugin-2.1.2-javadoc.jar;E:\Tools\Java_tools\struts-2.0.11.1\lib\struts2-dojo-plugin-2.1.2.jar:D:\NetBeans 6.1\ide9\modules\ext\mysql-connector-java-5.1.5-bin.jar:E:\Tools\Java_tools\hibernate-3.2\hibernate3.jar;E:\Tools\Java_tools\hibernate-3.2\lib\dom4j-1.6.1.jar;E:\Tools\Java_tools\hibernate-3.2\lib\commons-logging-1.0.4.jar;E:\Tools\Java_tools\hibernate-3.2\lib\commons-collections-2.1.1.jar;E:\Tools\Java_tools\hibernate-3.2\lib\cglib-2.1.3.jar;E:\Tools\Java_tools\hibernate-3.2\lib\asm.jar;E:\Tools\Java_tools\hibernate-3.2\lib\antlr-2.7.6.jar;E:\Tools\Java_tools\hibernate-3.2\lib\c3p0-0.9.1.jar:E:\Tools\Java_tools\spring-framework-2.0.1\lib\log4j\log4j-1.2.14.jar:E:\Tools\Java_tools\spring-framework-2.0.1\dist\spring.jar;E:\Tools\Java_tools\spring-framework-2.0.1\lib\commonj\commonj-twm.jar:build/web/WEB-INF/classes:D:\NetBeans 6.1\java2\modules\ext\junit-4.1.jar:build/test/classes" />
    <property name="netbeans.importclass" value="org.netbeans.upgrade.AutoUpgrade" />
    <property name="libs.webui-designtime.src" value="D:\NetBeans 6.1\visualweb2\docs\webui-src.zip" />
    <property name="org.openide.TopManager" value="org.netbeans.core.NonGui" />
    <property name="libs.savaje-ant-utils.classpath" value="D:\NetBeans 6.1\mobility8\modules\ext\org-netbeans-modules-j2me-cdc-project-savaje.jar" />
    <property name="libs.toplink.maven-pom" value="" />
    <property name="libs.DataBindingME.maven-pom" value="" />
    <property name="libs.PostgreSQLDriver.javadoc" value="" />
    <property name="libs.restlib.classpath" value="D:\NetBeans 6.1\enterprise5\modules\ext\rest\jsr311-api.jar;D:\NetBeans 6.1\enterprise5\modules\ext\rest\jersey.jar;D:\NetBeans 6.1\enterprise5\modules\ext\rest\jsp-api-2.0-20040521.jar;D:\NetBeans 6.1\enterprise5\modules\ext\rest\persistence-api-1.0.jar;D:\NetBeans 6.1\java2\modules\ext\jaxws21\activation.jar;D:\NetBeans 6.1\java2\modules\ext\jaxws21\api\jsr250-api.jar;D:\NetBeans 6.1\enterprise5\modules\ext\rest\http.jar;D:\NetBeans 6.1\enterprise5\modules\ext\rest\wadl2java.jar;D:\NetBeans 6.1\java2\modules\ext\jaxws21\api\jaxws-api.jar;D:\NetBeans 6.1\java2\modules\ext\jaxws21\api\jaxb-api.jar;D:\NetBeans 6.1\java2\modules\ext\jaxws21\jaxb-impl.jar;D:\NetBeans 6.1\java2\modules\ext\jaxws21\jaxb-xjc.jar;D:\NetBeans 6.1\java2\modules\ext\jaxws21\api\jsr173_api.jar;D:\NetBeans 6.1\enterprise5\modules\ext\rest\rome-0.9.jar;D:\NetBeans 6.1\enterprise5\modules\ext\rest\jdom-1.0.jar;D:\NetBeans 6.1\enterprise5\modules\ext\rest\jettison-1.0-RC1.jar;D:\NetBeans 6.1\enterprise5\modules\ext\rest\asm-3.1.jar;D:\NetBeans 6.1\enterprise5\modules\ext\rest\grizzly-http-webserver-1.7.2.jar" />
    <property name="libs.exceptionhandler-runtime.javadoc" value="" />
    <property name="libs.JMUnit4CLDC11.javadoc" value="D:\NetBeans 6.1\mobility8\modules\docs\jmunit-1.0.1-api.zip" />
    <property name="libs.nsicom-ant-utils.maven-pom" value="" />
    <property name="libs.jsfsupport-runtime.classpath" value="D:\NetBeans 6.1\visualweb2\modules\ext\jsfcl.jar;D:\NetBeans 6.1\visualweb2\modules\ext\appbase.jar;D:\NetBeans 6.1\visualweb2\modules\ext\dataprovider.jar;D:\NetBeans 6.1\visualweb2\modules\ext\sqlx.jar" />
    <property name="libs.MySQLDriver.maven-pom" value="" />
    <property name="j2ee.platform.wsgen.classpath" value="C:\Program Files\glassfish-v2ur2\lib\webservices-tools.jar:C:\Program Files\glassfish-v2ur2\lib\webservices-rt.jar:C:\Program Files\glassfish-v2ur2\lib\tools.jar:C:\Program Files\glassfish-v2ur2\lib\appserv-jstl.jar:C:\Program Files\glassfish-v2ur2\lib\javaee.jar:C:\Program Files\glassfish-v2ur2\lib\appserv-ws.jar:C:\Program Files\glassfish-v2ur2\lib\mail.jar:C:\Program Files\glassfish-v2ur2\lib\activation.jar" />
    <property name="libs.savaje-ant-utils.src" value="" />
    <property name="http.nonProxyHosts" value="localhost|127.0.0.1|a" />
    <property name="org.netbeans.modules.tomcat.autoregister.catalinaHome" value="C:\Program Files\Apache Software Foundation\Apache Tomcat 6.0.16" />
    <property name="libs.junit_4.javadoc" value="" />
    <property name="libs.spring-webmvc.javadoc" value="" />
    <property name="libs.toplink.src" value="" />
    <property name="libs.cdc-pp-awt-layout.classpath" value="D:\NetBeans 6.1\mobility8\modules\ext\cdc-pp-awt-layout.jar" />
    <property name="libs.webui.javadoc" value="D:\NetBeans 6.1\visualweb2\docs\webui-doc.zip" />
    <property name="libs.cdc-agui-swing-layout.src" value="D:\NetBeans 6.1\mobility8\sources\cdc-agui-swing-layout-src.zip" />
    <property name="libs.jsf12-support.javadoc" value="D:\NetBeans 6.1\visualweb2\docs\appbase-doc.zip;D:\NetBeans 6.1\visualweb2\docs\dataprovider-doc.zip;D:\NetBeans 6.1\visualweb2\docs\jsfcl-doc.zip" />
    <property name="libs.theme-default.runtime" value="D:\NetBeans 6.1\visualweb2\modules\ext\defaulttheme.jar" />
    <property name="libs.JMUnit4CLDC11.classpath" value="D:\NetBeans 6.1\mobility8\modules\ext\jmunit4cldc11-1.0.1.jar" />
    <property name="libs.nb_svg_midp_components.classpath" value="D:\NetBeans 6.1\mobility8\modules\ext\nb_svg_midp_components.jar" />
    <property name="libs.NetBeans MIDP Components PDA.classpath" value="D:\NetBeans 6.1\mobility8\modules\ext\netbeans_midp_components_pda.jar" />
    <property name="libs.semc-ant-utils.maven-pom" value="" />
    <property name="libs.jdbcsupport-runtime.maven-pom" value="" />
    <property name="libs.nokiadeployment.maven-pom" value="" />
    <property name="libs.restapi.src" value="" />
    <property name="libs.NetBeans MIDP Components.javadoc" value="D:\NetBeans 6.1\mobility8\modules\docs\netbeans_midp_components_basic-api.zip" />
    <property name="sun.management.compiler" value="HotSpot Client Compiler" />
    <property name="javac.deprecation" value="false" />
    <property name="javadoc.use" value="true" />
    <property name="libs.jdbcsupport-runtime.src" value="" />
    <property name="libs.jdbcsupport-designtime.maven-pom" value="" />
    <property name="libs.theme-default-gray.classpath" value="D:\NetBeans 6.1\visualweb2\modules\ext\defaulttheme-gray.jar" />
    <property name="client.urlPart" value="" />
    <property name="sun.java2d.noddraw" value="true" />
    <property name="dist.ear.war" value="dist/Test_HeroGrave.war" />
    <property name="platforms.Sun_Java_TM__Wireless_Toolkit_2_5_2_for_CLDC.type" value="UEI-1.0.1" />
    <property name="libs.spring-webmvc.classpath" value="D:\NetBeans 6.1\enterprise5\modules\ext\spring\spring-webmvc-2.5.jar" />
    <property name="javac.compilerargs" value="" />
    <property name="ant.file" value="D:\NetBeans 6.1\TEMP\Test_HeroGrave\build.xml" />
    <property name="libs.beans-binding.maven-pom" value="" />
    <property name="libs.Struts2.classpath" value="E:\Tools\Java_tools\struts-2.0.11.1\lib\commons-logging-1.0.4.jar;E:\Tools\Java_tools\struts-2.0.11.1\lib\freemarker-2.3.8.jar;E:\Tools\Java_tools\struts-2.0.11.1\lib\ognl-2.6.11.jar;E:\Tools\Java_tools\struts-2.0.11.1\lib\struts2-core-2.0.11.1.jar;E:\Tools\Java_tools\struts-2.0.11.1\lib\xwork-2.0.4.jar;E:\Tools\Java_tools\struts-2.0.11.1\lib\velocity-1.4.jar;E:\Tools\Java_tools\struts-2.0.11.1\lib\velocity-dep-1.4.jar;E:\Tools\Java_tools\struts-2.0.11.1\lib\velocity-tools-1.1.jar;E:\Tools\Java_tools\struts-2.0.11.1\lib\commons-fileupload-1.2.1\lib\commons-fileupload-1.2.1.jar;E:\Tools\Java_tools\struts-2.0.11.1\lib\commons-io-1.4\commons-io-1.4.jar;E:\Tools\Java_tools\struts-2.0.11.1\lib\struts2-dojo-plugin-2.1.2-javadoc.jar;E:\Tools\Java_tools\struts-2.0.11.1\lib\struts2-dojo-plugin-2.1.2.jar" />
    <property name="libs.jsf12.classpath" value="D:\NetBeans 6.1\enterprise5\modules\ext\jsf-1_2\commons-beanutils.jar;D:\NetBeans 6.1\enterprise5\modules\ext\jsf-1_2\commons-collections.jar;D:\NetBeans 6.1\enterprise5\modules\ext\jsf-1_2\commons-digester.jar;D:\NetBeans 6.1\enterprise5\modules\ext\jsf-1_2\commons-logging.jar;D:\NetBeans 6.1\enterprise5\modules\ext\jsf-1_2\jsf-api.jar;D:\NetBeans 6.1\enterprise5\modules\ext\jsf-1_2\jsf-impl.jar" />
    <property name="sun.awt.exception.handler" value="org.netbeans.core.startup.TopLogging$AWTHandler" />
    <property name="has.custom.manifest" value="true" />
    <property name="libs.restapi.maven-pom" value="" />
    <property name="libs.beans-binding.src" value="" />
    <property name="libs.NetBeans MIDP Components PDA.javadoc" value="D:\NetBeans 6.1\mobility8\modules\docs\netbeans_midp_components_pda-api.zip" />
    <property name="java.vm.specification.vendor" value="Sun Microsystems Inc." />
    <property name="libs.DataBindingME-PIM.javadoc" value="D:\NetBeans 6.1\mobility8\modules\docs\netbeans_databindingme_pim-api.zip" />
    <property name="libs.swing-layout.src" value="D:\NetBeans 6.1\platform8\docs\swing-layout-1.0.3-src.zip" />
    <property name="libs.webui.src" value="D:\NetBeans 6.1\visualweb2\docs\webui-src.zip" />
    <property name="libs.j2me_ant_ext.src" value="" />
    <property name="org.openide.major.version" value="IDE/1" />
    <property name="java.vm.name" value="Java HotSpot(TM) Client VM" />
    <property name="do.display.browser.debug" value="true" />
    <property name="netbeans.user" value="C:\Documents and Settings\Administrator\.netbeans\6.1" />
    <property name="javadoc.additionalparam" value="" />
    <property name="libs.ricoh-ant-utils.classpath" value="D:\NetBeans 6.1\mobility8\modules\ext\org-netbeans-modules-j2me-cdc-project-ricoh.jar;D:\NetBeans 6.1\mobility8\modules\ext\RicohAntTasks-2.0.jar;D:\NetBeans 6.1\mobility8\modules\ext\commons-httpclient-3.0.jar;D:\NetBeans 6.1\ide9\modules\ext\commons-logging-1.0.4.jar;D:\NetBeans 6.1\mobility8\modules\ext\commons-codec-1.3.jar" />
    <property name="java.io.tmpdir" value="C:\DOCUME~1\ADMINI~1\LOCALS~1\Temp\" />
    <property name="java.vendor.url" value="http://java.sun.com/" />
    <property name="j2ee.platform.wsit.classpath" value="" />
    <property name="compile.jsps" value="false" />
    <property name="jspc.classpath" value="D:\NetBeans 6.1\java2\ant\lib\ant.jar:D:\NetBeans 6.1\enterprise5\modules\ext\servlet2.5-jsp2.1-api.jar:C:\Program Files\glassfish-v2ur2\lib\javaee.jar:C:\Program Files\glassfish-v2ur2\lib\jsf-impl.jar:C:\Program Files\glassfish-v2ur2\lib\activation.jar:C:\Program Files\glassfish-v2ur2\lib\appserv-tags.jar:C:\Program Files\glassfish-v2ur2\lib\mail.jar:C:\Program Files\glassfish-v2ur2\lib\appserv-jstl.jar:C:\Program Files\glassfish-v2ur2\lib\webservices-tools.jar:C:\Program Files\glassfish-v2ur2\lib\webservices-rt.jar:C:\Program Files\glassfish-v2ur2\lib\appserv-ws.jar:D:\NetBeans 6.1\enterprise5\modules\ext\glassfish-jspparser-2.0.jar:D:\NetBeans 6.1\enterprise5\modules\ext\glassfish-logging-2.0.jar:D:\NetBeans 6.1\ide9\modules\ext\commons-logging-1.0.4.jar:D:\NetBeans 6.1\java2\ant\lib\ant-launcher.jar" />
    <property name="deploy.ant.properties.file" value="C:\Documents and Settings\Administrator\.netbeans\6.1\glassfish.properties" />
    <property name="j2ee.platform.wscompile.classpath" value="C:\Program Files\glassfish-v2ur2\lib\j2ee.jar:C:\Program Files\glassfish-v2ur2\lib\saaj-api.jar:C:\Program Files\glassfish-v2ur2\lib\saaj-impl.jar:C:\Program Files\glassfish-v2ur2\lib\jaxrpc-api.jar:C:\Program Files\glassfish-v2ur2\lib\jaxrpc-impl.jar:C:\Program Files\glassfish-v2ur2\lib\endorsed\jaxp-api.jar:C:\Program Files\glassfish-v2ur2\lib\appserv-ws.jar:C:\Program Files\glassfish-v2ur2\lib\webservices-tools.jar:C:\Program Files\glassfish-v2ur2\lib\webservices-rt.jar" />
    <property name="have.sources" value="true" />
    <property name="sun.boot.library.path" value="C:\Program Files\Java\jdk1.6.0_03\jre\bin" />
    <property name="war.name" value="Test_HeroGrave.war" />
    <property name="libs.woodstock-theme-default.runtime" value="D:\NetBeans 6.1\visualweb2\modules\ext\webui-jsf-suntheme.jar" />
    <property name="debug.classpath" value="build/web/WEB-INF/classes:E:\Tools\Java_tools\struts-2.0.11.1\lib\commons-logging-1.0.4.jar;E:\Tools\Java_tools\struts-2.0.11.1\lib\freemarker-2.3.8.jar;E:\Tools\Java_tools\struts-2.0.11.1\lib\ognl-2.6.11.jar;E:\Tools\Java_tools\struts-2.0.11.1\lib\struts2-core-2.0.11.1.jar;E:\Tools\Java_tools\struts-2.0.11.1\lib\xwork-2.0.4.jar;E:\Tools\Java_tools\struts-2.0.11.1\lib\velocity-1.4.jar;E:\Tools\Java_tools\struts-2.0.11.1\lib\velocity-dep-1.4.jar;E:\Tools\Java_tools\struts-2.0.11.1\lib\velocity-tools-1.1.jar;E:\Tools\Java_tools\struts-2.0.11.1\lib\commons-fileupload-1.2.1\lib\commons-fileupload-1.2.1.jar;E:\Tools\Java_tools\struts-2.0.11.1\lib\commons-io-1.4\commons-io-1.4.jar;E:\Tools\Java_tools\struts-2.0.11.1\lib\struts2-dojo-plugin-2.1.2-javadoc.jar;E:\Tools\Java_tools\struts-2.0.11.1\lib\struts2-dojo-plugin-2.1.2.jar:D:\NetBeans 6.1\ide9\modules\ext\mysql-connector-java-5.1.5-bin.jar:E:\Tools\Java_tools\hibernate-3.2\hibernate3.jar;E:\Tools\Java_tools\hibernate-3.2\lib\dom4j-1.6.1.jar;E:\Tools\Java_tools\hibernate-3.2\lib\commons-logging-1.0.4.jar;E:\Tools\Java_tools\hibernate-3.2\lib\commons-collections-2.1.1.jar;E:\Tools\Java_tools\hibernate-3.2\lib\cglib-2.1.3.jar;E:\Tools\Java_tools\hibernate-3.2\lib\asm.jar;E:\Tools\Java_tools\hibernate-3.2\lib\antlr-2.7.6.jar;E:\Tools\Java_tools\hibernate-3.2\lib\c3p0-0.9.1.jar:E:\Tools\Java_tools\spring-framework-2.0.1\lib\log4j\log4j-1.2.14.jar:E:\Tools\Java_tools\spring-framework-2.0.1\dist\spring.jar;E:\Tools\Java_tools\spring-framework-2.0.1\lib\commonj\commonj-twm.jar" />
    <property name="javadoc.private" value="false" />
    <property name="test.src.dir" value="test" />
    <property name="libs.spring.maven-pom" value="" />
    <property name="javadoc.encoding.used" value="UTF-8" />
    <property name="libs.DataBindingME-SVG.src" value="" />
    <property name="java.runtime.name" value="Java(TM) SE Runtime Environment" />
    <property name="ant.project.name" value="Test_HeroGrave" />
    <property name="libs.jdbcsupport-designtime.javadoc" value="" />
    <property name="sun.cpu.isalist" value="" />
    <property name="libs.j2me_ant_ext.maven-pom" value="" />
    <property name="libs.CopyLibs.javadoc" value="" />
    <property name="org.openide.specification.version" value="6.2" />
    <property name="libs.ActiveSync.javadoc" value="" />
    <property name="libs.DataBindingME-PIM.classpath" value="D:\NetBeans 6.1\mobility8\modules\ext\netbeans_databindingme_pim.jar" />
    <property name="libs.exceptionhandler-runtime.classpath" value="D:\NetBeans 6.1\visualweb2\modules\ext\errorhandler.jar" />
    <property name="user.home" value="C:\Documents and Settings\Administrator" />
    <property name="debug-args-line" value="-Xdebug" />
    <property name="libs.NetBeans MIDP Components.classpath" value="D:\NetBeans 6.1\mobility8\modules\ext\netbeans_midp_components_basic.jar" />
    <property name="libs.CopyLibs.maven-pom" value="" />
    <property name="libs.absolutelayout.javadoc" value="" />
    <property name="java.specification.name" value="Java Platform API Specification" />
    <property name="libs.swing-app-framework.maven-pom" value="" />
    <property name="libs.webui.classpath" value="D:\NetBeans 6.1\visualweb2\modules\ext\webui.jar;D:\NetBeans 6.1\enterprise5\modules\ext\commons-fileupload-1.0.jar" />
    <property name="no.dist.ear.dir" value="true" />
    <property name="libs.NetBeans MIDP Components WMA.classpath" value="D:\NetBeans 6.1\mobility8\modules\ext\netbeans_midp_components_wma.jar" />
    <property name="libs.jakarta_slide_ant_webdav.maven-pom" value="" />
    <property name="libs.woodstock-components.classpath" value="D:\NetBeans 6.1\visualweb2\modules\ext\webui-jsf.jar;D:\NetBeans 6.1\enterprise5\modules\ext\commons-fileupload-1.0.jar;D:\NetBeans 6.1\visualweb2\modules\ext\json-2.jar;D:\NetBeans 6.1\visualweb2\modules\ext\jsf-extensions-common-0.1.jar;D:\NetBeans 6.1\visualweb2\modules\ext\jsf-extensions-dynamic-faces-0.1.jar" />
    <property name="libs.jdbcsupport-designtime.src" value="" />
    <property name="java.specification.vendor" value="Sun Microsystems Inc." />
    <property name="libs.cdc-agui-swing-layout.javadoc" value="" />
    <property name="libs.javac-api.classpath" value="D:\NetBeans 6.1\java2\modules\ext\javac-api-nb-7.0-b07.jar" />
    <property name="java.version" value="1.6.0_03" />
    <property name="libs.nokiaS80-ant-utils.classpath" value="D:\NetBeans 6.1\mobility8\modules\ext\org-netbeans-modules-j2me-cdc-project-nokiaS80.jar" />
    <property name="javadoc.version" value="false" />
    <property name="libs.NetBeans MIDP Components WMA.javadoc" value="D:\NetBeans 6.1\mobility8\modules\docs\netbeans_midp_components_wma-api.zip" />
    <property name="libs.MySQLDriver.javadoc" value="" />
    <property name="org.openide.version" value="deprecated" />
    <property name="libs.ActiveSync.maven-pom" value="" />
    <property name="source.encoding" value="UTF-8" />
    <property name="libs.junit.maven-pom" value="" />
    <property name="libs.jsf12-support.src" value="D:\NetBeans 6.1\visualweb2\docs\appbase-src.zip;D:\NetBeans 6.1\visualweb2\docs\dataprovider-src.zip;D:\NetBeans 6.1\visualweb2\docs\jsfcl-src.zip" />
    <property name="libs.struts.maven-pom" value="" />
    <property name="netbeans.home+have.tests" value="true" />
    <property name="libs.IdentityAntTasks.maven-pom" value="" />
    <property name="libs.cdc-ant-utils.src" value="" />
    <property name="libs.jaxb21.classpath" value="D:\NetBeans 6.1\java2\modules\ext\jaxws21\activation.jar;D:\NetBeans 6.1\java2\modules\ext\jaxws21\api\jaxb-api.jar;D:\NetBeans 6.1\java2\modules\ext\jaxws21\jaxb-impl.jar;D:\NetBeans 6.1\java2\modules\ext\jaxws21\jaxb-xjc.jar;D:\NetBeans 6.1\java2\modules\ext\jaxws21\api\jsr173_api.jar" />
    <property name="dist.javadoc.dir" value="dist/javadoc" />
    <property name="libs.swing-layout.classpath" value="D:\NetBeans 6.1\platform8\modules\ext\swing-layout-1.0.3.jar" />
    <property name="libs.restlib.src" value="" />
    <property name="javac.source" value="1.5" />
    <property name="build.generated.dir" value="build/generated" />
    <property name="libs.Hibernate.javadoc" value="" />
    <property name="libs.proguard.src" value="" />
    <property name="line.separator" value="
" />
    <property name="java.specification.version" value="1.6" />
    <property name="libs.nb_svg_midp_components.javadoc" value="D:\NetBeans 6.1\mobility8\modules\docs\nb_svg_midp_components-api.zip" />
    <property name="java.vm.info" value="mixed mode, sharing" />
    <property name="libs.jaxws21.maven-pom" value="" />
    <property name="libs.cdc-ant-utils.javadoc" value="" />
    <property name="libs.jsf12-support.classpath" value="D:\NetBeans 6.1\visualweb2\modules\ext\jsfcl.jar;D:\NetBeans 6.1\visualweb2\modules\ext\appbase.jar;D:\NetBeans 6.1\visualweb2\modules\ext\dataprovider.jar;D:\NetBeans 6.1\visualweb2\modules\ext\sqlx.jar" />
    <property name="libs.spring-framework.maven-pom" value="" />
    <property name="sun.boot.class.path" value="C:\Program Files\Java\jdk1.6.0_03\jre\lib\resources.jar;C:\Program Files\Java\jdk1.6.0_03\jre\lib\rt.jar;C:\Program Files\Java\jdk1.6.0_03\jre\lib\sunrsasign.jar;C:\Program Files\Java\jdk1.6.0_03\jre\lib\jsse.jar;C:\Program Files\Java\jdk1.6.0_03\jre\lib\jce.jar;C:\Program Files\Java\jdk1.6.0_03\jre\lib\charsets.jar;C:\Program Files\Java\jdk1.6.0_03\jre\classes" />
    <property name="libs.woodstock-components.javadoc" value="D:\NetBeans 6.1\visualweb2\docs\webui-jsf-doc.zip;D:\NetBeans 6.1\visualweb2\docs\webui-jsf-tld.zip" />
    <property name="javac.target" value="1.5" />
    <property name="build.test.classes.dir" value="build/test/classes" />
    <property name="src.dir" value="src/java" />
    <property name="libs.IdentityAntTasks.javadoc" value="" />
    <property name="sun.awt.keepWorkingSetOnMinimize" value="true" />
    <property name="org.netbeans.modules.tomcat.autoregister.token" value="1216868994515" />
    <property name="libs.proguard.maven-pom" value="" />
    <property name="libs.DataBindingME-SVG.maven-pom" value="" />
    <property name="libs.jsf12.src" value="" />
    <property name="j2ee.platform" value="1.5" />
    <property name="libs.nokiadeployment.src" value="" />
    <property name="libs.savaje-ant-utils.javadoc" value="" />
    <property name="libs.JAVADB_DRIVER_LABEL.maven-pom" value="" />
    <property name="nbplatform.default.netbeans.dest.dir" value="D:\NetBeans 6.1" />
    <property name="libs.struts.javadoc" value="D:\NetBeans 6.1\enterprise5\docs\struts-1.2.9-javadoc.zip" />
    <property name="platforms.Sun_Java_TM__Wireless_Toolkit_2_5_2_for_CLDC.debugcommandline" value="" />
    <property name="libs.cdc-ant-utils.maven-pom" value="" />
    <property name="web.docbase.dir" value="web" />
    <property name="libs.cdc-agui-swing-layout.classpath" value="D:\NetBeans 6.1\mobility8\modules\ext\cdc-agui-swing-layout.jar" />
    <property name="dist.dir" value="dist" />
    <property name="libs.webui-designtime.classpath" value="D:\NetBeans 6.1\visualweb2\modules\ext\webui.jar;D:\NetBeans 6.1\enterprise5\modules\ext\commons-fileupload-1.0.jar" />
    <property name="libs.JMUnit4CLDC10.classpath" value="D:\NetBeans 6.1\mobility8\modules\ext\jmunit4cldc10-1.0.1.jar" />
    <property name="java.awt.printerjob" value="sun.awt.windows.WPrinterJob" />
    <property name="default.javac.source" value="1.6" />
    <property name="javac.compilerargs.jaxws" value="" />
    <property name="sun.jnu.encoding" value="MS932" />
    <property name="libs.MySQLDriver.src" value="" />
    <property name="libs.ant-contrib.maven-pom" value="" />
    <property name="libs.nokiadeployment.javadoc" value="" />
    <property name="libs.woodstock-components.src" value="D:\NetBeans 6.1\visualweb2\docs\webui-jsf-src.zip" />
    <property name="build.test.results.dir" value="build/test/results" />
    <property name="java.runtime.version" value="1.6.0_03-b05" />
    <property name="libs.Struts2.javadoc" value="D:\NetBeans 6.0\enterprise4\docs\struts2_docs.zip" />
    <property name="libs.NetBeans MIDP Components.src" value="D:\NetBeans 6.1\mobility8\sources\netbeans_midp_components_basic-src.zip" />
    <property name="libs.log4j.classpath" value="E:\Tools\Java_tools\spring-framework-2.0.1\lib\log4j\log4j-1.2.14.jar" />
    <property name="default.javac.target" value="1.6" />
    <property name="libs.junit_4.classpath" value="D:\NetBeans 6.1\java2\modules\ext\junit-4.1.jar" />
    <property name="user.timezone" value="" />
    <property name="libs.jsfsupport-designtime.src" value="D:\NetBeans 6.1\visualweb2\docs\appbase-src.zip;D:\NetBeans 6.1\visualweb2\docs\dataprovider-src.zip;D:\NetBeans 6.1\visualweb2\docs\jsfcl-src.zip" />
    <property name="libs.ant-contrib.src" value="" />
    <property name="libs.JAVADB_DRIVER_LABEL.javadoc" value="" />
    <property name="netbeans.dirs" value="D:\NetBeans 6.1\nb6.1;D:\NetBeans 6.1\ide9;D:\NetBeans 6.1\java2;D:\NetBeans 6.1\xml2;D:\NetBeans 6.1\apisupport1;D:\NetBeans 6.1\enterprise5;D:\NetBeans 6.1\mobility8;D:\NetBeans 6.1\profiler3;D:\NetBeans 6.1\gsf1;D:\NetBeans 6.1\ruby2;D:\NetBeans 6.1\visualweb2;D:\NetBeans 6.1\identity2;D:\NetBeans 6.1\uml5;D:\NetBeans 6.1\harness;D:\NetBeans 6.1\cnd2;D:\NetBeans 6.1\soa2" />
    <property name="java.ext.dirs" value="C:\Program Files\Java\jdk1.6.0_03\jre\lib\ext;C:\WINDOWS\Sun\Java\lib\ext" />
    <property name="libs.exceptionhandler-runtime.src" value="" />
    <property name="libs.savaje-ant-utils.maven-pom" value="" />
    <property name="libs.semc-ant-utils.src" value="" />
    <property name="libs.absolutelayout.classpath" value="D:\NetBeans 6.1\java2\modules\ext\AbsoluteLayout.jar" />
    <property name="libs.restlib.maven-pom" value="" />
    <property name="libs.DataBindingME.javadoc" value="D:\NetBeans 6.1\mobility8\modules\docs\netbeans_databindingme-api.zip" />
    <property name="apple.laf.useScreenMenuBar" value="true" />
    <property name="java.class.path" value="E:\Tools\Java_tools\struts-2.0.11.1\lib\commons-logging-1.0.4.jar;E:\Tools\Java_tools\struts-2.0.11.1\lib\freemarker-2.3.8.jar;E:\Tools\Java_tools\struts-2.0.11.1\lib\ognl-2.6.11.jar;E:\Tools\Java_tools\struts-2.0.11.1\lib\struts2-core-2.0.11.1.jar;E:\Tools\Java_tools\struts-2.0.11.1\lib\xwork-2.0.4.jar;E:\Tools\Java_tools\struts-2.0.11.1\lib\velocity-1.4.jar;E:\Tools\Java_tools\struts-2.0.11.1\lib\velocity-dep-1.4.jar;E:\Tools\Java_tools\struts-2.0.11.1\lib\velocity-tools-1.1.jar;E:\Tools\Java_tools\struts-2.0.11.1\lib\commons-fileupload-1.2.1\lib\commons-fileupload-1.2.1.jar;E:\Tools\Java_tools\struts-2.0.11.1\lib\commons-io-1.4\commons-io-1.4.jar;E:\Tools\Java_tools\struts-2.0.11.1\lib\struts2-dojo-plugin-2.1.2-javadoc.jar;E:\Tools\Java_tools\struts-2.0.11.1\lib\struts2-dojo-plugin-2.1.2.jar;D:\NetBeans 6.1\ide9\modules\ext\mysql-connector-java-5.1.5-bin.jar;E:\Tools\Java_tools\hibernate-3.2\hibernate3.jar;E:\Tools\Java_tools\hibernate-3.2\lib\dom4j-1.6.1.jar;E:\Tools\Java_tools\hibernate-3.2\lib\commons-logging-1.0.4.jar;E:\Tools\Java_tools\hibernate-3.2\lib\commons-collections-2.1.1.jar;E:\Tools\Java_tools\hibernate-3.2\lib\cglib-2.1.3.jar;E:\Tools\Java_tools\hibernate-3.2\lib\asm.jar;E:\Tools\Java_tools\hibernate-3.2\lib\antlr-2.7.6.jar;E:\Tools\Java_tools\hibernate-3.2\lib\c3p0-0.9.1.jar;E:\Tools\Java_tools\spring-framework-2.0.1\lib\log4j\log4j-1.2.14.jar;E:\Tools\Java_tools\spring-framework-2.0.1\dist\spring.jar;E:\Tools\Java_tools\spring-framework-2.0.1\lib\commonj\commonj-twm.jar;D:\NetBeans 6.1\TEMP\Test_HeroGrave\build\web\WEB-INF\classes;D:\NetBeans 6.1\java2\modules\ext\junit-4.1.jar;D:\NetBeans 6.1\TEMP\Test_HeroGrave\build\test\classes;C:\Program Files\glassfish-v2ur2\lib\javaee.jar;C:\Program Files\glassfish-v2ur2\lib\jsf-impl.jar;C:\Program Files\glassfish-v2ur2\lib\activation.jar;C:\Program Files\glassfish-v2ur2\lib\appserv-tags.jar;C:\Program Files\glassfish-v2ur2\lib\mail.jar;C:\Program Files\glassfish-v2ur2\lib\appserv-jstl.jar;C:\Program Files\glassfish-v2ur2\lib\webservices-tools.jar;C:\Program Files\glassfish-v2ur2\lib\webservices-rt.jar;C:\Program Files\glassfish-v2ur2\lib\appserv-ws.jar;C:\Program Files\Java\jdk1.6.0_03\lib\tools.jar;D:\NetBeans 6.1\TEMP\Test_HeroGrave;D:\NetBeans 6.1\java2\ant\lib\ant-launcher.jar;D:\NetBeans 6.1\java2\ant\lib\ant.jar;D:\NetBeans 6.1\java2\ant\lib\ant-junit.jar" />
    <property name="libs.webui-designtime.javadoc" value="D:\NetBeans 6.1\visualweb2\docs\webui-doc.zip" />
    <property name="libs.absolutelayout.src" value="" />
    <property name="libs.cdc-pp-awt-layout.maven-pom" value="" />
    <property name="j2ee.server.type" value="J2EE" />
    <property name="os.version" value="5.1" />
    <property name="libs.JMUnit4CLDC11.maven-pom" value="" />
    <property name="libs.toplink.javadoc" value="D:\NetBeans 6.1\enterprise5\docs\javaee5-doc-api.zip" />
    <property name="sun.desktop" value="windows" />
    <property name="libs.nb_svg_midp_components.maven-pom" value="" />
    <property name="libs.ricoh-ant-utils.javadoc" value="" />
    <property name="libs.NetBeans MIDP Components PDA.maven-pom" value="" />
    <property name="libs.restlib.javadoc" value="D:\NetBeans 6.1\enterprise5\docs\jsr311-api-doc.zip" />
    <property name="war.content.additional" value="" />
    <property name="libs.beans-binding.javadoc" value="D:\NetBeans 6.1\java2\docs\beansbinding-1.2.1-doc.zip" />
    <property name="java.awt.graphicsenv" value="sun.awt.Win32GraphicsEnvironment" />
    <property name="rave.version" value="2.0.0" />
    <property name="java.vm.vendor" value="Sun Microsystems Inc." />
    <property name="libs.CopyLibs.classpath" value="D:\NetBeans 6.1\java2\ant\extra\org-netbeans-modules-java-j2seproject-copylibstask.jar" />
    <property name="libs.spring-webmvc.maven-pom" value="" />
    <property name="jaxws.endorsed.dir" value="D:\NetBeans 6.1\java2\modules\ext\jaxws21\api" />
    <property name="libs.spring-framework.javadoc" value="" />
    <property name="libs.DataBindingME-PIM.src" value="" />
    <property name="libs.Struts2.maven-pom" value="" />
    <property name="libs.PostgreSQLDriver.classpath" value="D:\NetBeans 6.1\ide9\modules\ext\postgresql-8.3-603.jdbc3.jar" />
    <property name="libs.jsf12.maven-pom" value="" />
    <property name="libs.junit.src" value="" />
    <property name="libs.CopyLibs.src" value="" />
    <property name="build.dir" value="build" />
    <property name="j2ee.platform.is.jsr109" value="true" />
    <property name="ant.version" value="Apache Ant version 1.7.0 compiled on December 13 2006" />
    <property name="file.encoding" value="MS932" />
    <property name="build.classes.excludes" value="**/*.java,**/*.form" />
    <property name="javadoc.nonavbar" value="false" />
    <property name="platform.active" value="default_platform" />
    <property name="awt.toolkit" value="sun.awt.windows.WToolkit" />
    <property name="war.ear.name" value="Test_HeroGrave.war" />
  </properties>
  <testcase classname="page.Md5" name="hello" time="0.031" />
  <system-out><![CDATA[AZICOnu9cyUFFvBp3xi1AA==
]]></system-out>
  <system-err><![CDATA[]]></system-err>
</testsuite>
